
*** Running vivado
    with args -log single_display.vds -m64 -product Vivado -mode batch -messageDb vivado.pb -notrace -source single_display.tcl



****** Vivado v2020.2 (64-bit)
  **** SW Build 3064766 on Wed Nov 18 09:12:45 MST 2020
  **** IP Build 3064653 on Wed Nov 18 14:17:31 MST 2020
    ** Copyright 1986-2020 Xilinx, Inc. All Rights Reserved.

source single_display.tcl -notrace
Command: synth_design -top single_display -part xc7a200tfbg676-2
Starting synth_design
Attempting to get a license for feature 'Synthesis' and/or device 'xc7a200t'
INFO: [Common 17-349] Got license for feature 'Synthesis' and/or device 'xc7a200t'
INFO: [Device 21-403] Loading part xc7a200tfbg676-2
INFO: [Synth 8-7079] Multithreading enabled for synth_design using a maximum of 2 processes.
INFO: [Synth 8-7078] Launching helper process for spawning children vivado processes
INFO: [Synth 8-7075] Helper process launched with PID 5752
---------------------------------------------------------------------------------
Starting RTL Elaboration : Time (s): cpu = 00:00:05 ; elapsed = 00:00:06 . Memory (MB): peak = 1000.074 ; gain = 0.000
---------------------------------------------------------------------------------
INFO: [Synth 8-6157] synthesizing module 'single_display' [D:/Vivado/Project/single_cycle_cpu/single_cycle_cpu.srcs/sources_1/new/single_display.v:7]
INFO: [Synth 8-6157] synthesizing module 'SingleCycleCPU' [D:/Vivado/Project/single_cycle_cpu/single_cycle_cpu.srcs/sources_1/new/SingleCycleCPU.v:23]
INFO: [Synth 8-6157] synthesizing module 'PC' [D:/Vivado/Project/single_cycle_cpu/single_cycle_cpu.srcs/sources_1/new/PC.v:23]
INFO: [Synth 8-6155] done synthesizing module 'PC' (1#1) [D:/Vivado/Project/single_cycle_cpu/single_cycle_cpu.srcs/sources_1/new/PC.v:23]
INFO: [Synth 8-6157] synthesizing module 'instructionMemory' [D:/Vivado/Project/single_cycle_cpu/single_cycle_cpu.srcs/sources_1/new/instructionMemory.v:23]
INFO: [Synth 8-6155] done synthesizing module 'instructionMemory' (2#1) [D:/Vivado/Project/single_cycle_cpu/single_cycle_cpu.srcs/sources_1/new/instructionMemory.v:23]
INFO: [Synth 8-6157] synthesizing module 'regfile' [D:/Vivado/Project/single_cycle_cpu/regfile.v:21]
INFO: [Synth 8-6155] done synthesizing module 'regfile' (3#1) [D:/Vivado/Project/single_cycle_cpu/regfile.v:21]
INFO: [Synth 8-6157] synthesizing module 'Alu' [D:/Vivado/Project/single_cycle_cpu/single_cycle_cpu.srcs/sources_1/new/Alu.v:23]
INFO: [Synth 8-6155] done synthesizing module 'Alu' (4#1) [D:/Vivado/Project/single_cycle_cpu/single_cycle_cpu.srcs/sources_1/new/Alu.v:23]
INFO: [Synth 8-6157] synthesizing module 'SignZeroExtend' [D:/Vivado/Project/single_cycle_cpu/single_cycle_cpu.srcs/sources_1/new/SignZeroExtend.v:23]
INFO: [Synth 8-6155] done synthesizing module 'SignZeroExtend' (5#1) [D:/Vivado/Project/single_cycle_cpu/single_cycle_cpu.srcs/sources_1/new/SignZeroExtend.v:23]
INFO: [Synth 8-6157] synthesizing module 'DataMemory' [D:/Vivado/Project/single_cycle_cpu/single_cycle_cpu.srcs/sources_1/new/DataMemory.v:23]
INFO: [Synth 8-6155] done synthesizing module 'DataMemory' (6#1) [D:/Vivado/Project/single_cycle_cpu/single_cycle_cpu.srcs/sources_1/new/DataMemory.v:23]
INFO: [Synth 8-6157] synthesizing module 'ControlUnit' [D:/Vivado/Project/single_cycle_cpu/single_cycle_cpu.srcs/sources_1/new/ControlUnit.v:23]
INFO: [Synth 8-6155] done synthesizing module 'ControlUnit' (7#1) [D:/Vivado/Project/single_cycle_cpu/single_cycle_cpu.srcs/sources_1/new/ControlUnit.v:23]
INFO: [Synth 8-6155] done synthesizing module 'SingleCycleCPU' (8#1) [D:/Vivado/Project/single_cycle_cpu/single_cycle_cpu.srcs/sources_1/new/SingleCycleCPU.v:23]
INFO: [Synth 8-6157] synthesizing module 'lcd_module' [D:/Vivado/Project/single_cycle_cpu/single_cycle_cpu.runs/synth_1/.Xil/Vivado-8168-DESKTOP-N9U4OV8/realtime/lcd_module_stub.v:6]
INFO: [Synth 8-6155] done synthesizing module 'lcd_module' (9#1) [D:/Vivado/Project/single_cycle_cpu/single_cycle_cpu.runs/synth_1/.Xil/Vivado-8168-DESKTOP-N9U4OV8/realtime/lcd_module_stub.v:6]
INFO: [Synth 8-6155] done synthesizing module 'single_display' (10#1) [D:/Vivado/Project/single_cycle_cpu/single_cycle_cpu.srcs/sources_1/new/single_display.v:7]
---------------------------------------------------------------------------------
Finished RTL Elaboration : Time (s): cpu = 00:00:07 ; elapsed = 00:00:09 . Memory (MB): peak = 1000.074 ; gain = 0.000
---------------------------------------------------------------------------------
---------------------------------------------------------------------------------
Start Handling Custom Attributes
---------------------------------------------------------------------------------
---------------------------------------------------------------------------------
Finished Handling Custom Attributes : Time (s): cpu = 00:00:09 ; elapsed = 00:00:10 . Memory (MB): peak = 1000.074 ; gain = 0.000
---------------------------------------------------------------------------------
---------------------------------------------------------------------------------
Finished RTL Optimization Phase 1 : Time (s): cpu = 00:00:09 ; elapsed = 00:00:10 . Memory (MB): peak = 1000.074 ; gain = 0.000
---------------------------------------------------------------------------------
Netlist sorting complete. Time (s): cpu = 00:00:00 ; elapsed = 00:00:00.056 . Memory (MB): peak = 1000.074 ; gain = 0.000
INFO: [Project 1-570] Preparing netlist for logic optimization

Processing XDC Constraints
Initializing timing engine
Parsing XDC File [D:/Vivado/Project/single_cycle_cpu/single_cycle_cpu.xdc]
Finished Parsing XDC File [D:/Vivado/Project/single_cycle_cpu/single_cycle_cpu.xdc]
INFO: [Project 1-236] Implementation specific constraints were found while reading constraint file [D:/Vivado/Project/single_cycle_cpu/single_cycle_cpu.xdc]. These constraints will be ignored for synthesis but will be used in implementation. Impacted constraints are listed in the file [.Xil/single_display_propImpl.xdc].
Resolution: To avoid this warning, move constraints listed in [.Xil/single_display_propImpl.xdc] to another XDC file and exclude this new file from synthesis with the used_in_synthesis property (File Properties dialog in GUI) and re-run elaboration/synthesis.
Completed Processing XDC Constraints

Netlist sorting complete. Time (s): cpu = 00:00:00 ; elapsed = 00:00:00.001 . Memory (MB): peak = 1000.074 ; gain = 0.000
INFO: [Project 1-111] Unisim Transformation Summary:
No Unisim elements were transformed.

Constraint Validation Runtime : Time (s): cpu = 00:00:00 ; elapsed = 00:00:00.003 . Memory (MB): peak = 1000.074 ; gain = 0.000
---------------------------------------------------------------------------------
Finished Constraint Validation : Time (s): cpu = 00:00:24 ; elapsed = 00:00:26 . Memory (MB): peak = 1000.074 ; gain = 0.000
---------------------------------------------------------------------------------
---------------------------------------------------------------------------------
Start Loading Part and Timing Information
---------------------------------------------------------------------------------
Loading part: xc7a200tfbg676-2
---------------------------------------------------------------------------------
Finished Loading Part and Timing Information : Time (s): cpu = 00:00:24 ; elapsed = 00:00:26 . Memory (MB): peak = 1000.074 ; gain = 0.000
---------------------------------------------------------------------------------
---------------------------------------------------------------------------------
Start Applying 'set_property' XDC Constraints
---------------------------------------------------------------------------------
---------------------------------------------------------------------------------
Finished applying 'set_property' XDC Constraints : Time (s): cpu = 00:00:24 ; elapsed = 00:00:26 . Memory (MB): peak = 1000.074 ; gain = 0.000
---------------------------------------------------------------------------------
---------------------------------------------------------------------------------
Finished RTL Optimization Phase 2 : Time (s): cpu = 00:00:25 ; elapsed = 00:00:27 . Memory (MB): peak = 1000.074 ; gain = 0.000
---------------------------------------------------------------------------------
---------------------------------------------------------------------------------
Start RTL Component Statistics 
---------------------------------------------------------------------------------
Detailed RTL Component Info : 
+---Adders : 
	   2 Input   32 Bit       Adders := 4     
	   3 Input   32 Bit       Adders := 1     
+---XORs : 
	   2 Input     32 Bit         XORs := 1     
+---Registers : 
	               40 Bit    Registers := 1     
	               32 Bit    Registers := 2     
	                1 Bit    Registers := 1     
+---RAMs : 
	             1024 Bit	(32 X 32 bit)          RAMs := 1     
+---Muxes : 
	   2 Input   40 Bit        Muxes := 1     
	   2 Input   39 Bit        Muxes := 1     
	   2 Input   32 Bit        Muxes := 6     
	   2 Input   16 Bit        Muxes := 1     
	   2 Input    5 Bit        Muxes := 1     
	  10 Input    4 Bit        Muxes := 1     
	   2 Input    4 Bit        Muxes := 1     
	   7 Input    3 Bit        Muxes := 1     
	   5 Input    2 Bit        Muxes := 1     
	  10 Input    2 Bit        Muxes := 1     
	   2 Input    2 Bit        Muxes := 2     
	   4 Input    2 Bit        Muxes := 1     
	   4 Input    1 Bit        Muxes := 4     
	   2 Input    1 Bit        Muxes := 12    
	  10 Input    1 Bit        Muxes := 1     
	   8 Input    1 Bit        Muxes := 1     
---------------------------------------------------------------------------------
Finished RTL Component Statistics 
---------------------------------------------------------------------------------
---------------------------------------------------------------------------------
Start Part Resource Summary
---------------------------------------------------------------------------------
Part Resources:
DSPs: 740 (col length:100)
BRAMs: 730 (col length: RAMB18 100 RAMB36 50)
---------------------------------------------------------------------------------
Finished Part Resource Summary
---------------------------------------------------------------------------------
---------------------------------------------------------------------------------
Start Cross Boundary and Area Optimization
---------------------------------------------------------------------------------
---------------------------------------------------------------------------------
Finished Cross Boundary and Area Optimization : Time (s): cpu = 00:00:58 ; elapsed = 00:01:01 . Memory (MB): peak = 1000.074 ; gain = 0.000
---------------------------------------------------------------------------------
---------------------------------------------------------------------------------
Start ROM, RAM, DSP, Shift Register and Retiming Reporting
---------------------------------------------------------------------------------

Distributed RAM: Preliminary Mapping	Report (see note below)
+---------------+---------------------+-----------+----------------------+-----------------+
|Module Name    | RTL Object          | Inference | Size (Depth x Width) | Primitives      | 
+---------------+---------------------+-----------+----------------------+-----------------+
|single_display | CPU/ins2/memory_reg | Implied   | 32 x 32              | RAM32M x 12	    | 
|single_display | CPU/ins5/ram_reg    | Implied   | 256 x 32             | RAM128X1D x 64	 | 
+---------------+---------------------+-----------+----------------------+-----------------+

Note: The table above is a preliminary report that shows the Distributed RAMs at the current stage of the synthesis flow. Some Distributed RAMs may be reimplemented as non Distributed RAM primitives later in the synthesis flow. Multiple instantiated RAMs are reported only once.
---------------------------------------------------------------------------------
Finished ROM, RAM, DSP, Shift Register and Retiming Reporting
---------------------------------------------------------------------------------
---------------------------------------------------------------------------------
Start Applying XDC Timing Constraints
---------------------------------------------------------------------------------
---------------------------------------------------------------------------------
Finished Applying XDC Timing Constraints : Time (s): cpu = 00:01:10 ; elapsed = 00:01:14 . Memory (MB): peak = 1012.695 ; gain = 12.621
---------------------------------------------------------------------------------
---------------------------------------------------------------------------------
Start Timing Optimization
---------------------------------------------------------------------------------
---------------------------------------------------------------------------------
Finished Timing Optimization : Time (s): cpu = 00:01:11 ; elapsed = 00:01:14 . Memory (MB): peak = 1013.215 ; gain = 13.141
---------------------------------------------------------------------------------
---------------------------------------------------------------------------------
Start ROM, RAM, DSP, Shift Register and Retiming Reporting
---------------------------------------------------------------------------------

Distributed RAM: Final Mapping	Report
+---------------+---------------------+-----------+----------------------+-----------------+
|Module Name    | RTL Object          | Inference | Size (Depth x Width) | Primitives      | 
+---------------+---------------------+-----------+----------------------+-----------------+
|single_display | CPU/ins2/memory_reg | Implied   | 32 x 32              | RAM32M x 12	    | 
|single_display | CPU/ins5/ram_reg    | Implied   | 256 x 32             | RAM128X1D x 64	 | 
+---------------+---------------------+-----------+----------------------+-----------------+

---------------------------------------------------------------------------------
Finished ROM, RAM, DSP, Shift Register and Retiming Reporting
---------------------------------------------------------------------------------
---------------------------------------------------------------------------------
Start Technology Mapping
---------------------------------------------------------------------------------
---------------------------------------------------------------------------------
Finished Technology Mapping : Time (s): cpu = 00:01:11 ; elapsed = 00:01:15 . Memory (MB): peak = 1047.547 ; gain = 47.473
---------------------------------------------------------------------------------
---------------------------------------------------------------------------------
Start IO Insertion
---------------------------------------------------------------------------------
---------------------------------------------------------------------------------
Start Flattening Before IO Insertion
---------------------------------------------------------------------------------
---------------------------------------------------------------------------------
Finished Flattening Before IO Insertion
---------------------------------------------------------------------------------
---------------------------------------------------------------------------------
Start Final Netlist Cleanup
---------------------------------------------------------------------------------
---------------------------------------------------------------------------------
Finished Final Netlist Cleanup
---------------------------------------------------------------------------------
---------------------------------------------------------------------------------
Finished IO Insertion : Time (s): cpu = 00:01:20 ; elapsed = 00:01:23 . Memory (MB): peak = 1062.344 ; gain = 62.270
---------------------------------------------------------------------------------
---------------------------------------------------------------------------------
Start Renaming Generated Instances
---------------------------------------------------------------------------------
---------------------------------------------------------------------------------
Finished Renaming Generated Instances : Time (s): cpu = 00:01:20 ; elapsed = 00:01:23 . Memory (MB): peak = 1062.344 ; gain = 62.270
---------------------------------------------------------------------------------
---------------------------------------------------------------------------------
Start Rebuilding User Hierarchy
---------------------------------------------------------------------------------
---------------------------------------------------------------------------------
Finished Rebuilding User Hierarchy : Time (s): cpu = 00:01:20 ; elapsed = 00:01:23 . Memory (MB): peak = 1062.344 ; gain = 62.270
---------------------------------------------------------------------------------
---------------------------------------------------------------------------------
Start Renaming Generated Ports
---------------------------------------------------------------------------------
---------------------------------------------------------------------------------
Finished Renaming Generated Ports : Time (s): cpu = 00:01:20 ; elapsed = 00:01:23 . Memory (MB): peak = 1062.344 ; gain = 62.270
---------------------------------------------------------------------------------
---------------------------------------------------------------------------------
Start Handling Custom Attributes
---------------------------------------------------------------------------------
---------------------------------------------------------------------------------
Finished Handling Custom Attributes : Time (s): cpu = 00:01:20 ; elapsed = 00:01:23 . Memory (MB): peak = 1062.344 ; gain = 62.270
---------------------------------------------------------------------------------
---------------------------------------------------------------------------------
Start Renaming Generated Nets
---------------------------------------------------------------------------------
---------------------------------------------------------------------------------
Finished Renaming Generated Nets : Time (s): cpu = 00:01:20 ; elapsed = 00:01:23 . Memory (MB): peak = 1062.344 ; gain = 62.270
---------------------------------------------------------------------------------
---------------------------------------------------------------------------------
Start Writing Synthesis Report
---------------------------------------------------------------------------------

Report BlackBoxes: 
+------+--------------+----------+
|      |BlackBox name |Instances |
+------+--------------+----------+
|1     |lcd_module    |         1|
+------+--------------+----------+

Report Cell Usage: 
+------+-----------+------+
|      |Cell       |Count |
+------+-----------+------+
|1     |lcd_module |     1|
|2     |BUFG       |     1|
|3     |CARRY4     |    26|
|4     |LUT1       |     3|
|5     |LUT2       |   134|
|6     |LUT3       |    62|
|7     |LUT4       |    85|
|8     |LUT5       |    90|
|9     |LUT6       |    99|
|10    |RAM128X1D  |    64|
|11    |RAM32M     |    12|
|12    |FDRE       |    50|
|13    |IBUF       |     2|
|14    |OBUF       |     8|
+------+-----------+------+
---------------------------------------------------------------------------------
Finished Writing Synthesis Report : Time (s): cpu = 00:01:20 ; elapsed = 00:01:23 . Memory (MB): peak = 1062.344 ; gain = 62.270
---------------------------------------------------------------------------------
Synthesis finished with 0 errors, 0 critical warnings and 0 warnings.
Synthesis Optimization Runtime : Time (s): cpu = 00:01:06 ; elapsed = 00:01:18 . Memory (MB): peak = 1062.344 ; gain = 62.270
Synthesis Optimization Complete : Time (s): cpu = 00:01:20 ; elapsed = 00:01:24 . Memory (MB): peak = 1062.344 ; gain = 62.270
INFO: [Project 1-571] Translating synthesized netlist
Netlist sorting complete. Time (s): cpu = 00:00:00 ; elapsed = 00:00:00.095 . Memory (MB): peak = 1068.270 ; gain = 0.000
INFO: [Netlist 29-17] Analyzing 102 Unisim elements for replacement
INFO: [Netlist 29-28] Unisim Transformation completed in 0 CPU seconds
INFO: [Project 1-570] Preparing netlist for logic optimization
INFO: [Opt 31-138] Pushed 0 inverter(s) to 0 load pin(s).
Netlist sorting complete. Time (s): cpu = 00:00:00 ; elapsed = 00:00:00.002 . Memory (MB): peak = 1068.270 ; gain = 0.000
INFO: [Project 1-111] Unisim Transformation Summary:
  A total of 76 instances were transformed.
  RAM128X1D => RAM128X1D (MUXF7(x2), RAMD64E(x4)): 64 instances
  RAM32M => RAM32M (RAMD32(x6), RAMS32(x2)): 12 instances

INFO: [Common 17-83] Releasing license: Synthesis
35 Infos, 0 Warnings, 0 Critical Warnings and 0 Errors encountered.
synth_design completed successfully
synth_design: Time (s): cpu = 00:01:32 ; elapsed = 00:01:38 . Memory (MB): peak = 1068.270 ; gain = 68.195
INFO: [Common 17-1381] The checkpoint 'D:/Vivado/Project/single_cycle_cpu/single_cycle_cpu.runs/synth_1/single_display.dcp' has been generated.
INFO: [runtcl-4] Executing : report_utilization -file single_display_utilization_synth.rpt -pb single_display_utilization_synth.pb
INFO: [Common 17-206] Exiting Vivado at Fri Dec  3 15:20:48 2021...
